2019-07-21 03:48:03,603 - 测试 - ERROR - 调用接口：https://sharpsit.jusdaglobal.com/api/commercial-invoices 异常!
2019-07-21 03:48:03,605 - 测试 - ERROR - HTTPSConnectionPool(host='sharpsit.jusdaglobal.com', port=443): Max retries exceeded with url: /api/commercial-invoices (Caused by SSLError(SSLEOFError(8, 'EOF occurred in violation of protocol (_ssl.c:833)'),))
2019-07-21 04:02:38,280 - 测试 - ERROR - 调用接口：https://sharpsit.jusdaglobal.com/api/commercial-invoices 异常!
2019-07-21 04:02:38,283 - 测试 - ERROR - HTTPSConnectionPool(host='sharpsit.jusdaglobal.com', port=443): Max retries exceeded with url: /api/commercial-invoices?invoiceNo=2EW74Nk&page=0&size=10&sort=%2Casc (Caused by NewConnectionError('<urllib3.connection.VerifiedHTTPSConnection object at 0x0000000003FC2B70>: Failed to establish a new connection: [WinError 10060] 由于连接方在一段时间后没有正确答复或连接的主机没有反应，连接尝试失败。',))
2019-07-21 04:34:58,690 - 测试 - ERROR - 调用接口：https://sharpsit.jusdaglobal.com/api/delivery-orders 异常!
2019-07-21 04:34:58,692 - 测试 - ERROR - ('Connection aborted.', TimeoutError(10060, '由于连接方在一段时间后没有正确答复或连接的主机没有反应，连接尝试失败。', None, 10060, None))
2019-07-21 04:37:53,690 - 测试 - ERROR - 调用接口：https://sharpsit.jusdaglobal.com/api/shipping-advices 异常!
2019-07-21 04:37:53,692 - 测试 - ERROR - HTTPSConnectionPool(host='sharpsit.jusdaglobal.com', port=443): Max retries exceeded with url: /api/shipping-advices?view=B0401 (Caused by NewConnectionError('<urllib3.connection.VerifiedHTTPSConnection object at 0x0000000004913A58>: Failed to establish a new connection: [WinError 10060] 由于连接方在一段时间后没有正确答复或连接的主机没有反应，连接尝试失败。',))
2019-07-21 04:54:22,890 - 测试 - ERROR - 调用接口：https://sharpsit.jusdaglobal.com/api/warehouses/sjl-kv 异常!
2019-07-21 04:54:22,892 - 测试 - ERROR - HTTPSConnectionPool(host='sharpsit.jusdaglobal.com', port=443): Max retries exceeded with url: /api/warehouses/sjl-kv (Caused by NewConnectionError('<urllib3.connection.VerifiedHTTPSConnection object at 0x000000000491B9E8>: Failed to establish a new connection: [WinError 10060] 由于连接方在一段时间后没有正确答复或连接的主机没有反应，连接尝试失败。',))
2019-07-21 04:58:47,346 - 测试 - ERROR - 调用接口：https://sharpsit.jusdaglobal.com/api/delivery-orders/create-do 异常!
2019-07-21 04:58:47,348 - 测试 - ERROR - HTTPSConnectionPool(host='sharpsit.jusdaglobal.com', port=443): Max retries exceeded with url: /api/delivery-orders/create-do?said=abaaab76-e469-41fe-9e44-23a3862e10b6 (Caused by NewConnectionError('<urllib3.connection.VerifiedHTTPSConnection object at 0x0000000003EBBBA8>: Failed to establish a new connection: [WinError 10060] 由于连接方在一段时间后没有正确答复或连接的主机没有反应，连接尝试失败。',))
2019-07-21 05:00:51,934 - 测试 - ERROR - 调用接口：https://sharpsit.jusdaglobal.com/api/shipping-advices/setDo 异常!
2019-07-21 05:00:51,936 - 测试 - ERROR - HTTPSConnectionPool(host='sharpsit.jusdaglobal.com', port=443): Max retries exceeded with url: /api/shipping-advices/setDo (Caused by SSLError(SSLEOFError(8, 'EOF occurred in violation of protocol (_ssl.c:833)'),))
2019-07-21 05:03:28,089 - 测试 - ERROR - 调用接口：https://sharpsit.jusdaglobal.com/api/shipping-advices/16c9d56d-87c7-4743-bbdb-21a9655a2f6f/shipping-advice-send 异常!
2019-07-21 05:03:28,091 - 测试 - ERROR - HTTPSConnectionPool(host='sharpsit.jusdaglobal.com', port=443): Max retries exceeded with url: /api/shipping-advices/16c9d56d-87c7-4743-bbdb-21a9655a2f6f/shipping-advice-send (Caused by NewConnectionError('<urllib3.connection.VerifiedHTTPSConnection object at 0x0000000003EDC908>: Failed to establish a new connection: [WinError 10060] 由于连接方在一段时间后没有正确答复或连接的主机没有反应，连接尝试失败。',))
2019-07-21 05:04:37,758 - 测试 - ERROR - 调用接口：https://sharpsit.jusdaglobal.com/api/commercial-invoices 异常!
2019-07-21 05:04:37,759 - 测试 - ERROR - HTTPSConnectionPool(host='sharpsit.jusdaglobal.com', port=443): Max retries exceeded with url: /api/commercial-invoices?invoiceNo=9DRve17&page=0&size=10&sort=%2Casc (Caused by NewConnectionError('<urllib3.connection.VerifiedHTTPSConnection object at 0x0000000003EE9780>: Failed to establish a new connection: [WinError 10060] 由于连接方在一段时间后没有正确答复或连接的主机没有反应，连接尝试失败。',))
2019-07-21 05:09:02,742 - 测试 - ERROR - 调用接口：https://sharpsit.jusdaglobal.com/api/shipping-advices/f833c08e-4706-4097-a60f-673c52029825 异常!
2019-07-21 05:09:02,744 - 测试 - ERROR - HTTPSConnectionPool(host='sharpsit.jusdaglobal.com', port=443): Max retries exceeded with url: /api/shipping-advices/f833c08e-4706-4097-a60f-673c52029825 (Caused by NewConnectionError('<urllib3.connection.VerifiedHTTPSConnection object at 0x0000000003EDF208>: Failed to establish a new connection: [WinError 10060] 由于连接方在一段时间后没有正确答复或连接的主机没有反应，连接尝试失败。',))
2019-07-21 05:15:30,081 - 测试 - ERROR - 调用接口：https://sharpsit.jusdaglobal.com/api/delivery-orders 异常!
2019-07-21 05:15:30,083 - 测试 - ERROR - ('Connection aborted.', TimeoutError(10060, '由于连接方在一段时间后没有正确答复或连接的主机没有反应，连接尝试失败。', None, 10060, None))
2019-07-21 05:23:39,821 - 测试 - ERROR - 调用接口：https://sharpsit.jusdaglobal.com/api/purchase-orders 异常!
2019-07-21 05:23:39,822 - 测试 - ERROR - HTTPSConnectionPool(host='sharpsit.jusdaglobal.com', port=443): Max retries exceeded with url: /api/purchase-orders?page=0&size=20&sort=poNo (Caused by NewConnectionError('<urllib3.connection.VerifiedHTTPSConnection object at 0x0000000003EF4400>: Failed to establish a new connection: [WinError 10060] 由于连接方在一段时间后没有正确答复或连接的主机没有反应，连接尝试失败。',))
2019-07-21 05:32:47,953 - 测试 - ERROR - 调用接口：https://sharpsit.jusdaglobal.com/api/shipping-advices/238b5051-5b09-4b6b-afb1-59afc6b6045f 异常!
2019-07-21 05:32:47,955 - 测试 - ERROR - HTTPSConnectionPool(host='sharpsit.jusdaglobal.com', port=443): Max retries exceeded with url: /api/shipping-advices/238b5051-5b09-4b6b-afb1-59afc6b6045f (Caused by NewConnectionError('<urllib3.connection.VerifiedHTTPSConnection object at 0x0000000003EDF400>: Failed to establish a new connection: [WinError 10060] 由于连接方在一段时间后没有正确答复或连接的主机没有反应，连接尝试失败。',))
