2019-07-21 06:16:47,394 - 测试 - INFO - None
2019-07-21 06:17:34,840 - 测试 - INFO - 实际运行结果为：No data available
2019-07-21 06:17:34,841 - 测试 - INFO - None
2019-07-21 06:20:03,838 - 测试 - INFO - 实际运行结果为：check_box_outline_blank
通信事I本部 77512 - FIH(HONG KONG)LIMITED testeee YNT - ＹＡＮＴＡＩ KIX - v西国H空港 AIR FCA USD 2019-07-19 パ`ソナル）仕上げユニット} 2019-07-19 154,593.00 SYS 2019-07-19 09:43:30 2019-07-19 09:44:36 alex
check_box_outline_blank
通信事I本部 77512 - FIH(HONG KONG)LIMITED testrrr YNT - ＹＡＮＴＡＩ KIX - v西国H空港 AIR FCA USD 2019-07-19 パ`ソナル）a修部品} 2019-07-19 156.86 SYS 2019-07-19 10:19:25 2019-07-19 10:20:18 alex
check_box_outline_blank
通信事I本部 77512 - FIH(HONG KONG)LIMITED 3920510 TAO - ＱＩＮＧＤＡＯ KIX - v西国H空港 AIR FCA USD 2019-06-06 パ`ソナル）仕上げユニット} 2019-06-05 74,332.80 SYS 2019-06-06 18:37:10 2019-06-11 19:25:03 田端　裕美
check_box_outline_blank
通信事I本部 77512 - FIH(HONG KONG)LIMITED 3941255 TAO - ＱＩＮＧＤＡＯ KIX - v西国H空港 AIR FCA USD 2019-06-18 パ`ソナル）仕上げユニット} 2019-06-17 661,694.00 SYS 2019-06-18 14:00:39 2019-06-18 14:00:59 田端　裕美
check_box_outline_blank
通信事I本部 77512 - FIH(HONG KONG)LIMITED 3941258 TAO - ＱＩＮＧＤＡＯ KIX - v西国H空港 AIR FCA USD 2019-06-18 パ`ソナル）仕上げユニット} 2019-06-17 90,134.00 SYS 2019-06-18 14:06:03 2019-06-18 14:07:05 田端　裕美
check_box_outline_blank
通信事I本部 77512 - FIH(HONG KONG)LIMITED 3941264 TAO - ＱＩＮＧＤＡＯ KIX - v西国H空港 AIR FCA USD 2019-06-18 パ`ソナル）仕上げユニット} 2019-06-17 181,478.00 SYS 2019-06-18 14:27:44 2019-06-18 14:31:29 田端　裕美
check_box_outline_blank
通信事I本部 77512 - FIH(HONG KONG)LIMITED 3941272 TAO - ＱＩＮＧＤＡＯ KIX - v西国H空港 AIR FCA USD 2019-06-18 パ`ソナル）仕上げユニット} 2019-06-17 180,358.50 SYS 2019-06-18 14:37:32 2019-06-18 14:38:18 田端　裕美
check_box_outline_blank
通信事I本部 77512 - FIH(HONG KONG)LIMITED 3941250 TAO - ＱＩＮＧＤＡＯ KIX - v西国H空港 AIR FCA USD 2019-06-18 パ`ソナル）仕上げユニット} 2019-06-17 976,539.20 SYS 2019-06-18 15:13:24 2019-06-18 15:15:15 田端　裕美
check_box_outline_blank
通信事I本部 77512 - FIH(HONG KONG)LIMITED 3927714 YNT - ＹＡＮＴＡＩ KIX - v西国H空港 AIR FCA USD 2019-06-05 パ`ソナル）仕上げユニット} 2019-06-04 1,885,754.40 SYS 2019-06-05 15:40:30 2019-06-06 17:55:00 波多野　宗雄
check_box_outline_blank
通信事I本部 77512 - FIH(HONG KONG)LIMITED 3943891 TAO - ＱＩＮＧＤＡＯ KIX - v西国H空港 AIR FCA USD 2019-06-18 パ`ソナル）a修部品} 2019-06-17 28,770.12 SYS 2019-06-19 09:07:09 2019-06-19 09:09:42 波多野　宗雄
2019-07-21 06:20:03,839 - 测试 - INFO - None
2019-07-21 06:21:36,802 - 测试 - INFO - 实际运行结果为：
2019-07-21 06:21:36,802 - 测试 - INFO - None
2019-07-21 06:25:29,366 - 测试 - INFO - 实际运行结果为：No data available
2019-07-21 06:25:29,366 - 测试 - INFO - None
2019-07-21 06:26:40,365 - 测试 - INFO - 实际运行结果为：No data available
2019-07-21 06:26:40,365 - 测试 - INFO - 实际运行结果为：No data available
2019-07-21 06:26:40,366 - 测试 - INFO - None
2019-07-21 06:27:48,105 - 测试 - INFO - None
2019-07-21 06:28:26,780 - 测试 - INFO - 实际运行结果为：check_box_outline_blank
IoT/GHE事I本部 76490 - SHANGHAI SEN ZHONG ELECTRICAL EQUIP 2190154 SHA - ＳＨＡＮＧＨＡＩ OSK - 大阪港 SEA FOB USD 2019-06-16 （健康h境）サ`ビスパ`ツ} 2019-06-13 1,124.00 SYS 2019-06-25 12:20:41 2019-06-25 12:28:36 波多野　宗雄
check_box_outline_blank
IoT/GHE事I本部 70005 - SHARP HONK KONG LIMITED G130555 HKG - ＨＯＮＧＫＯＮＧ OSK - 大阪港 SEA FOB USD 2019-06-10 （健康h境）サ`ビスパ`ツ} 2019-06-05 233.70 本SA 2019-06-20 18:10:03 2019-06-20 18:25:09
check_box_outline_blank
IoT/GHE事I本部 70026 - SHANGHAI SHARP ELECTRONICS CO.,LTD. 25024157 SHA - ＳＨＡＮＧＨＡＩ OSK - 大阪港 SEA FOB USD 2019-06-24 （健康h境）サ`ビスパ`ツ} 2019-06-21 16,530.13 本SA 2019-06-25 17:00:00 2019-06-25 17:15:21
check_box_outline_blank
IoT/GHE事I本部 70026 - SHANGHAI SHARP ELECTRONICS CO.,LTD. 25024156 SHA - ＳＨＡＮＧＨＡＩ OSK - 大阪港 SEA FOB USD 2019-06-24 （健康h境）サ`ビスパ`ツ} 2019-06-21 67,701.08 本SA 2019-06-25 17:00:00 2019-06-25 17:20:03
check_box_outline_blank
IoT/GHE事I本部 70026 - SHANGHAI SHARP ELECTRONICS CO.,LTD. 25024155 SHA - ＳＨＡＮＧＨＡＩ OSK - 大阪港 SEA FOB USD 2019-06-24 （健康h境）サ`ビスパ`ツ} 2019-06-21 2,028.85 本SA 2019-06-25 17:00:00 2019-06-25 17:15:21
check_box_outline_blank
IoT/GHE事I本部 70026 - SHANGHAI SHARP ELECTRONICS CO.,LTD. 25024173 SHA - ＳＨＡＮＧＨＡＩ OSK - 大阪港 SEA FOB USD 2019-06-26 （健康h境）サ`ビスパ`ツ} 2019-06-23 42,292.51 本SA 2019-06-25 17:00:00 2019-06-25 17:20:02
check_box_outline_blank
IoT/GHE事I本部 70026 - SHANGHAI SHARP ELECTRONICS CO.,LTD. 25024172 SHA - ＳＨＡＮＧＨＡＩ OSK - 大阪港 SEA FOB USD 2019-06-26 （健康h境）サ`ビスパ`ツ} 2019-06-23 7,320.17 本SA 2019-06-25 17:00:00 2019-06-25 17:20:03
check_box_outline_blank
IoT/GHE事I本部 70026 - SHANGHAI SHARP ELECTRONICS CO.,LTD. 25024171 SHA - ＳＨＡＮＧＨＡＩ OSK - 大阪港 SEA FOB USD 2019-06-26 （健康h境）サ`ビスパ`ツ} 2019-06-23 989.22 本SA 2019-06-25 17:00:00 2019-06-25 17:20:03
check_box_outline_blank
IoT/GHE事I本部 70026 - SHANGHAI SHARP ELECTRONICS CO.,LTD. 25024154 SHA - ＳＨＡＮＧＨＡＩ OSK - 大阪港 SEA FOB USD 2019-06-24 （健康h境）サ`ビスパ`ツ} 2019-06-21 84,347.62 本SA 2019-06-25 17:00:00 2019-06-25 17:20:03
check_box_outline_blank
IoT/GHE事I本部 70005 - SHARP HONK KONG LIMITED G130273 HKG - ＨＯＮＧＫＯＮＧ OSK - 大阪港 SEA FOB USD 2019-06-17 （健康h境）サ`ビスパ`ツ} 2019-06-12 3,586.40 本SA 2019-06-21 15:45:00 2019-06-21 16:40:00
2019-07-21 06:28:26,781 - 测试 - INFO - None
